{"contracts\\MyToken.sol":{"l":{"15":10,"16":10,"23":10,"31":10},"path":"C:\\Users\\DarkStone\\Desktop\\simpleswap-hardhat\\contracts\\MyToken.sol","s":{"1":10,"2":10},"b":{"1":[10,0],"2":[10,0]},"f":{"1":10,"2":10,"3":10},"fnMap":{"1":{"name":"onlyOwner","line":14,"loc":{"start":{"line":14,"column":4},"end":{"line":17,"column":4}}},"2":{"name":"constructor","line":22,"loc":{"start":{"line":22,"column":4},"end":{"line":24,"column":4}}},"3":{"name":"mint","line":30,"loc":{"start":{"line":30,"column":4},"end":{"line":32,"column":4}}}},"statementMap":{"1":{"start":{"line":15,"column":8},"end":{"line":15,"column":52}},"2":{"start":{"line":31,"column":8},"end":{"line":31,"column":24}}},"branchMap":{"1":{"line":15,"type":"if","locations":[{"start":{"line":15,"column":8},"end":{"line":15,"column":8}},{"start":{"line":15,"column":8},"end":{"line":15,"column":8}}]},"2":{"line":30,"type":"if","locations":[{"start":{"line":30,"column":53},"end":{"line":30,"column":53}},{"start":{"line":30,"column":53},"end":{"line":30,"column":53}}]}}},"contracts\\SimpleSwap.sol":{"l":{"30":8,"59":5,"61":5,"62":5,"64":5,"66":5,"67":5,"69":5,"70":5,"72":5,"74":5,"75":5,"76":5,"77":5,"101":1,"103":1,"104":1,"106":1,"107":1,"108":1,"110":1,"111":1,"113":1,"114":1,"116":1,"118":1,"119":1,"120":1,"121":1,"123":1,"124":1,"142":2,"143":2,"145":1,"146":1,"148":1,"149":1,"151":1,"152":1,"154":1,"155":1,"156":1,"158":0,"159":0,"162":1,"164":1,"165":1,"167":1,"168":1,"169":1,"171":0,"172":0,"175":1,"185":1,"186":1,"188":1,"189":1,"191":1,"192":1,"208":2,"209":2},"path":"C:\\Users\\DarkStone\\Desktop\\simpleswap-hardhat\\contracts\\SimpleSwap.sol","s":{"1":5,"2":5,"3":5,"4":5,"5":5,"6":5,"7":1,"8":1,"9":1,"10":1,"11":1,"12":1,"13":1,"14":1,"15":1,"16":1,"17":1,"18":2,"19":2,"20":1,"21":1,"22":1,"23":1,"24":1,"25":1,"26":1,"27":1,"28":1,"29":1,"30":1,"31":1,"32":1,"33":1,"34":1,"35":1,"36":1,"37":2},"b":{"1":[7,1],"2":[5,0],"3":[5,0],"4":[1,0],"5":[1,0],"6":[1,0],"7":[2,0],"8":[1,1],"9":[1,0],"10":[1,0],"11":[1,0],"12":[1,0],"13":[1,0],"14":[1,0],"15":[2,0]},"f":{"1":8,"2":5,"3":1,"4":2,"5":1,"6":2},"fnMap":{"1":{"name":"_getPoolKey","line":29,"loc":{"start":{"line":29,"column":4},"end":{"line":33,"column":4}}},"2":{"name":"addLiquidity","line":49,"loc":{"start":{"line":49,"column":4},"end":{"line":78,"column":4}}},"3":{"name":"removeLiquidity","line":92,"loc":{"start":{"line":92,"column":4},"end":{"line":125,"column":4}}},"4":{"name":"swapExactTokensForTokens","line":135,"loc":{"start":{"line":135,"column":4},"end":{"line":176,"column":4}}},"5":{"name":"getPrice","line":184,"loc":{"start":{"line":184,"column":4},"end":{"line":193,"column":4}}},"6":{"name":"getAmountOut","line":203,"loc":{"start":{"line":203,"column":4},"end":{"line":210,"column":4}}}},"statementMap":{"1":{"start":{"line":59,"column":8},"end":{"line":59,"column":54}},"2":{"start":{"line":64,"column":8},"end":{"line":64,"column":75}},"3":{"start":{"line":66,"column":8},"end":{"line":66,"column":70}},"4":{"start":{"line":67,"column":8},"end":{"line":67,"column":70}},"5":{"start":{"line":69,"column":8},"end":{"line":69,"column":49}},"6":{"start":{"line":70,"column":8},"end":{"line":70,"column":47}},"7":{"start":{"line":101,"column":8},"end":{"line":101,"column":54}},"8":{"start":{"line":103,"column":8},"end":{"line":103,"column":49}},"9":{"start":{"line":104,"column":8},"end":{"line":104,"column":47}},"10":{"start":{"line":106,"column":8},"end":{"line":106,"column":60}},"11":{"start":{"line":107,"column":8},"end":{"line":107,"column":46}},"12":{"start":{"line":108,"column":8},"end":{"line":108,"column":69}},"13":{"start":{"line":110,"column":8},"end":{"line":110,"column":40}},"14":{"start":{"line":111,"column":8},"end":{"line":111,"column":40}},"15":{"start":{"line":116,"column":8},"end":{"line":116,"column":75}},"16":{"start":{"line":123,"column":8},"end":{"line":123,"column":43}},"17":{"start":{"line":124,"column":8},"end":{"line":124,"column":43}},"18":{"start":{"line":142,"column":8},"end":{"line":142,"column":47}},"19":{"start":{"line":143,"column":8},"end":{"line":143,"column":54}},"20":{"start":{"line":145,"column":8},"end":{"line":145,"column":33}},"21":{"start":{"line":146,"column":8},"end":{"line":146,"column":34}},"22":{"start":{"line":148,"column":8},"end":{"line":148,"column":52}},"23":{"start":{"line":149,"column":8},"end":{"line":149,"column":47}},"24":{"start":{"line":151,"column":8},"end":{"line":151,"column":25}},"25":{"start":{"line":152,"column":8},"end":{"line":152,"column":26}},"26":{"start":{"line":154,"column":8},"end":{"line":154,"column":5428}},"27":{"start":{"line":162,"column":8},"end":{"line":162,"column":72}},"28":{"start":{"line":164,"column":8},"end":{"line":164,"column":73}},"29":{"start":{"line":165,"column":8},"end":{"line":165,"column":53}},"30":{"start":{"line":167,"column":8},"end":{"line":167,"column":5869}},"31":{"start":{"line":175,"column":8},"end":{"line":175,"column":47}},"32":{"start":{"line":185,"column":8},"end":{"line":185,"column":49}},"33":{"start":{"line":186,"column":8},"end":{"line":186,"column":47}},"34":{"start":{"line":188,"column":8},"end":{"line":188,"column":74}},"35":{"start":{"line":189,"column":8},"end":{"line":189,"column":74}},"36":{"start":{"line":191,"column":8},"end":{"line":191,"column":43}},"37":{"start":{"line":208,"column":8},"end":{"line":208,"column":82}}},"branchMap":{"1":{"line":31,"type":"if","locations":[{"start":{"line":31,"column":14},"end":{"line":31,"column":56}},{"start":{"line":32,"column":14},"end":{"line":32,"column":56}}]},"2":{"line":59,"type":"if","locations":[{"start":{"line":59,"column":8},"end":{"line":59,"column":8}},{"start":{"line":59,"column":8},"end":{"line":59,"column":8}}]},"3":{"line":64,"type":"if","locations":[{"start":{"line":64,"column":8},"end":{"line":64,"column":8}},{"start":{"line":64,"column":8},"end":{"line":64,"column":8}}]},"4":{"line":101,"type":"if","locations":[{"start":{"line":101,"column":8},"end":{"line":101,"column":8}},{"start":{"line":101,"column":8},"end":{"line":101,"column":8}}]},"5":{"line":108,"type":"if","locations":[{"start":{"line":108,"column":8},"end":{"line":108,"column":8}},{"start":{"line":108,"column":8},"end":{"line":108,"column":8}}]},"6":{"line":116,"type":"if","locations":[{"start":{"line":116,"column":8},"end":{"line":116,"column":8}},{"start":{"line":116,"column":8},"end":{"line":116,"column":8}}]},"7":{"line":142,"type":"if","locations":[{"start":{"line":142,"column":8},"end":{"line":142,"column":8}},{"start":{"line":142,"column":8},"end":{"line":142,"column":8}}]},"8":{"line":143,"type":"if","locations":[{"start":{"line":143,"column":8},"end":{"line":143,"column":8}},{"start":{"line":143,"column":8},"end":{"line":143,"column":8}}]},"9":{"line":154,"type":"if","locations":[{"start":{"line":154,"column":8},"end":{"line":154,"column":8}},{"start":{"line":154,"column":8},"end":{"line":154,"column":8}}]},"10":{"line":165,"type":"if","locations":[{"start":{"line":165,"column":8},"end":{"line":165,"column":8}},{"start":{"line":165,"column":8},"end":{"line":165,"column":8}}]},"11":{"line":167,"type":"if","locations":[{"start":{"line":167,"column":8},"end":{"line":167,"column":8}},{"start":{"line":167,"column":8},"end":{"line":167,"column":8}}]},"12":{"line":188,"type":"if","locations":[{"start":{"line":188,"column":45},"end":{"line":188,"column":57}},{"start":{"line":188,"column":61},"end":{"line":188,"column":73}}]},"13":{"line":189,"type":"if","locations":[{"start":{"line":189,"column":45},"end":{"line":189,"column":57}},{"start":{"line":189,"column":61},"end":{"line":189,"column":73}}]},"14":{"line":191,"type":"if","locations":[{"start":{"line":191,"column":8},"end":{"line":191,"column":8}},{"start":{"line":191,"column":8},"end":{"line":191,"column":8}}]},"15":{"line":208,"type":"if","locations":[{"start":{"line":208,"column":8},"end":{"line":208,"column":8}},{"start":{"line":208,"column":8},"end":{"line":208,"column":8}}]}}}}