TN:
SF:C:\Users\DarkStone\Desktop\simpleswap-hardhat\contracts\MyToken.sol
FN:14,onlyOwner
FN:22,constructor
FN:30,mint
FNF:3
FNH:3
FNDA:10,onlyOwner
FNDA:10,constructor
FNDA:10,mint
DA:15,10
DA:16,10
DA:23,10
DA:31,10
LF:4
LH:4
BRDA:15,1,0,10
BRDA:15,1,1,0
BRDA:30,2,0,10
BRDA:30,2,1,0
BRF:4
BRH:2
end_of_record
TN:
SF:C:\Users\DarkStone\Desktop\simpleswap-hardhat\contracts\SimpleSwap.sol
FN:29,_getPoolKey
FN:49,addLiquidity
FN:92,removeLiquidity
FN:135,swapExactTokensForTokens
FN:184,getPrice
FN:203,getAmountOut
FNF:6
FNH:6
FNDA:8,_getPoolKey
FNDA:5,addLiquidity
FNDA:1,removeLiquidity
FNDA:2,swapExactTokensForTokens
FNDA:1,getPrice
FNDA:2,getAmountOut
DA:30,8
DA:59,5
DA:61,5
DA:62,5
DA:64,5
DA:66,5
DA:67,5
DA:69,5
DA:70,5
DA:72,5
DA:74,5
DA:75,5
DA:76,5
DA:77,5
DA:101,1
DA:103,1
DA:104,1
DA:106,1
DA:107,1
DA:108,1
DA:110,1
DA:111,1
DA:113,1
DA:114,1
DA:116,1
DA:118,1
DA:119,1
DA:120,1
DA:121,1
DA:123,1
DA:124,1
DA:142,2
DA:143,2
DA:145,1
DA:146,1
DA:148,1
DA:149,1
DA:151,1
DA:152,1
DA:154,1
DA:155,1
DA:156,1
DA:158,0
DA:159,0
DA:162,1
DA:164,1
DA:165,1
DA:167,1
DA:168,1
DA:169,1
DA:171,0
DA:172,0
DA:175,1
DA:185,1
DA:186,1
DA:188,1
DA:189,1
DA:191,1
DA:192,1
DA:208,2
DA:209,2
LF:61
LH:57
BRDA:31,1,0,7
BRDA:31,1,1,1
BRDA:59,2,0,5
BRDA:59,2,1,0
BRDA:64,3,0,5
BRDA:64,3,1,0
BRDA:101,4,0,1
BRDA:101,4,1,0
BRDA:108,5,0,1
BRDA:108,5,1,0
BRDA:116,6,0,1
BRDA:116,6,1,0
BRDA:142,7,0,2
BRDA:142,7,1,0
BRDA:143,8,0,1
BRDA:143,8,1,1
BRDA:154,9,0,1
BRDA:154,9,1,0
BRDA:165,10,0,1
BRDA:165,10,1,0
BRDA:167,11,0,1
BRDA:167,11,1,0
BRDA:188,12,0,1
BRDA:188,12,1,0
BRDA:189,13,0,1
BRDA:189,13,1,0
BRDA:191,14,0,1
BRDA:191,14,1,0
BRDA:208,15,0,2
BRDA:208,15,1,0
BRF:30
BRH:17
end_of_record
